2025-10-24 14:12:28,577 - __main__ - INFO - Initializing MTG Game Engine for Manual Play...
2025-10-24 14:12:28,577 - MTG_bot.rule_engine.game_graph - INFO - GameGraph initialized.
2025-10-24 14:12:28,577 - MTG_bot.rule_engine.engine - INFO - Engine initialized.
2025-10-24 14:12:28,577 - MTG_bot.rule_engine.game_graph - INFO - Initializing game...
2025-10-24 14:12:28,578 - MTG_bot.rule_engine.game_graph - DEBUG - Created Entity: 8e99301d-bfde-4b61-887e-3653ba08fe81 (Type: 0)
2025-10-24 14:12:28,578 - MTG_bot.rule_engine.game_graph - DEBUG - Added entity 8e99301d-bfde-4b61-887e-3653ba08fe81 (Type: 0) to graph.
2025-10-24 14:12:28,578 - MTG_bot.rule_engine.game_graph - DEBUG - Created Entity: 2e0a0974-679b-4704-8b81-ea51b4189a9b (Type: 0)
2025-10-24 14:12:28,578 - MTG_bot.rule_engine.game_graph - DEBUG - Added entity 2e0a0974-679b-4704-8b81-ea51b4189a9b (Type: 0) to graph.
2025-10-24 14:12:28,578 - MTG_bot.rule_engine.game_graph - INFO - Active player set to Player 1.
2025-10-24 14:12:28,578 - MTG_bot.rule_engine.game_graph - DEBUG - Creating deck for player Play with 2 cards.
2025-10-24 14:12:28,578 - MTG_bot.rule_engine.game_graph - DEBUG - Created Entity: bd217ec8-7d62-4dc3-92d3-768461e0176d (Type: 102)
2025-10-24 14:12:28,578 - MTG_bot.rule_engine.game_graph - DEBUG - Added entity bd217ec8-7d62-4dc3-92d3-768461e0176d (Type: 102) to graph.
2025-10-24 14:12:28,578 - MTG_bot.rule_engine.game_graph - DEBUG - Created Entity: adc6a681-cb1b-4716-80ae-820f1843641f (Type: 100)
2025-10-24 14:12:28,578 - MTG_bot.rule_engine.game_graph - DEBUG - Added entity adc6a681-cb1b-4716-80ae-820f1843641f (Type: 100) to graph.
2025-10-24 14:12:28,578 - MTG_bot.rule_engine.game_graph - DEBUG - Created Entity: d94988b6-d23f-4ea8-a027-62e957fb963e (Type: 103)
2025-10-24 14:12:28,578 - MTG_bot.rule_engine.game_graph - DEBUG - Added entity d94988b6-d23f-4ea8-a027-62e957fb963e (Type: 103) to graph.
2025-10-24 14:12:28,578 - MTG_bot.rule_engine.game_graph - DEBUG - Created Entity: 42953e3d-2c27-44e1-8c3e-54aecea13fce (Type: 101)
2025-10-24 14:12:28,578 - MTG_bot.rule_engine.game_graph - DEBUG - Added entity 42953e3d-2c27-44e1-8c3e-54aecea13fce (Type: 101) to graph.
2025-10-24 14:12:28,578 - MTG_bot.rule_engine.game_graph - DEBUG - Created Relationship: 8e99301d-bfde-4b61-887e-3653ba08fe81 -> bd217ec8-7d62-4dc3-92d3-768461e0176d (Type: 200)
2025-10-24 14:12:28,578 - MTG_bot.rule_engine.game_graph - DEBUG - Added relationship 8e99301d-bfde-4b61-887e-3653ba08fe81 -> bd217ec8-7d62-4dc3-92d3-768461e0176d (Type: 200) to graph.
2025-10-24 14:12:28,578 - MTG_bot.rule_engine.game_graph - DEBUG - Created Relationship: 8e99301d-bfde-4b61-887e-3653ba08fe81 -> adc6a681-cb1b-4716-80ae-820f1843641f (Type: 200)
2025-10-24 14:12:28,578 - MTG_bot.rule_engine.game_graph - DEBUG - Added relationship 8e99301d-bfde-4b61-887e-3653ba08fe81 -> adc6a681-cb1b-4716-80ae-820f1843641f (Type: 200) to graph.
2025-10-24 14:12:28,578 - MTG_bot.rule_engine.game_graph - DEBUG - Created Relationship: 8e99301d-bfde-4b61-887e-3653ba08fe81 -> d94988b6-d23f-4ea8-a027-62e957fb963e (Type: 200)
2025-10-24 14:12:28,578 - MTG_bot.rule_engine.game_graph - DEBUG - Added relationship 8e99301d-bfde-4b61-887e-3653ba08fe81 -> d94988b6-d23f-4ea8-a027-62e957fb963e (Type: 200) to graph.
2025-10-24 14:12:28,578 - MTG_bot.rule_engine.game_graph - DEBUG - Created Relationship: 8e99301d-bfde-4b61-887e-3653ba08fe81 -> 42953e3d-2c27-44e1-8c3e-54aecea13fce (Type: 200)
2025-10-24 14:12:28,578 - MTG_bot.rule_engine.game_graph - DEBUG - Added relationship 8e99301d-bfde-4b61-887e-3653ba08fe81 -> 42953e3d-2c27-44e1-8c3e-54aecea13fce (Type: 200) to graph.
2025-10-24 14:12:28,578 - MTG_bot.rule_engine.game_graph - DEBUG - Created Entity: 7a3621d8-5e24-4f66-8357-1e141726034b (Type: 1000)
2025-10-24 14:12:28,578 - MTG_bot.rule_engine.game_graph - DEBUG - Added entity 7a3621d8-5e24-4f66-8357-1e141726034b (Type: 1000) to graph.
2025-10-24 14:12:28,579 - MTG_bot.rule_engine.game_graph - DEBUG - Created Relationship: 8e99301d-bfde-4b61-887e-3653ba08fe81 -> 7a3621d8-5e24-4f66-8357-1e141726034b (Type: 200)
2025-10-24 14:12:28,579 - MTG_bot.rule_engine.game_graph - DEBUG - Added relationship 8e99301d-bfde-4b61-887e-3653ba08fe81 -> 7a3621d8-5e24-4f66-8357-1e141726034b (Type: 200) to graph.
2025-10-24 14:12:28,579 - MTG_bot.rule_engine.game_graph - DEBUG - Created Relationship: 7a3621d8-5e24-4f66-8357-1e141726034b -> bd217ec8-7d62-4dc3-92d3-768461e0176d (Type: 201)
2025-10-24 14:12:28,579 - MTG_bot.rule_engine.game_graph - DEBUG - Added relationship 7a3621d8-5e24-4f66-8357-1e141726034b -> bd217ec8-7d62-4dc3-92d3-768461e0176d (Type: 201) to graph.
2025-10-24 14:12:28,579 - MTG_bot.rule_engine.game_graph - DEBUG - Created Entity: 8e9e966f-f73d-4969-9c9b-05a10a48b4ac (Type: 1000)
2025-10-24 14:12:28,579 - MTG_bot.rule_engine.game_graph - DEBUG - Added entity 8e9e966f-f73d-4969-9c9b-05a10a48b4ac (Type: 1000) to graph.
2025-10-24 14:12:28,579 - MTG_bot.rule_engine.game_graph - DEBUG - Created Relationship: 8e99301d-bfde-4b61-887e-3653ba08fe81 -> 8e9e966f-f73d-4969-9c9b-05a10a48b4ac (Type: 200)
2025-10-24 14:12:28,579 - MTG_bot.rule_engine.game_graph - DEBUG - Added relationship 8e99301d-bfde-4b61-887e-3653ba08fe81 -> 8e9e966f-f73d-4969-9c9b-05a10a48b4ac (Type: 200) to graph.
2025-10-24 14:12:28,579 - MTG_bot.rule_engine.game_graph - DEBUG - Created Relationship: 8e9e966f-f73d-4969-9c9b-05a10a48b4ac -> bd217ec8-7d62-4dc3-92d3-768461e0176d (Type: 201)
2025-10-24 14:12:28,579 - MTG_bot.rule_engine.game_graph - DEBUG - Added relationship 8e9e966f-f73d-4969-9c9b-05a10a48b4ac -> bd217ec8-7d62-4dc3-92d3-768461e0176d (Type: 201) to graph.
2025-10-24 14:12:28,579 - MTG_bot.rule_engine.game_graph - DEBUG - Deck created for player Play.
2025-10-24 14:12:28,579 - MTG_bot.rule_engine.game_graph - DEBUG - Creating deck for player Play with 2 cards.
2025-10-24 14:12:28,579 - MTG_bot.rule_engine.game_graph - DEBUG - Created Entity: 2cbb89d6-9ee9-4deb-8e31-a55928883c8a (Type: 102)
2025-10-24 14:12:28,579 - MTG_bot.rule_engine.game_graph - DEBUG - Added entity 2cbb89d6-9ee9-4deb-8e31-a55928883c8a (Type: 102) to graph.
2025-10-24 14:12:28,579 - MTG_bot.rule_engine.game_graph - DEBUG - Created Entity: 317fc919-86da-4448-a67d-b5493c9cb019 (Type: 100)
2025-10-24 14:12:28,579 - MTG_bot.rule_engine.game_graph - DEBUG - Added entity 317fc919-86da-4448-a67d-b5493c9cb019 (Type: 100) to graph.
2025-10-24 14:12:28,579 - MTG_bot.rule_engine.game_graph - DEBUG - Created Entity: c4947d32-db07-4b24-a3c7-421390bc6955 (Type: 103)
2025-10-24 14:12:28,579 - MTG_bot.rule_engine.game_graph - DEBUG - Added entity c4947d32-db07-4b24-a3c7-421390bc6955 (Type: 103) to graph.
2025-10-24 14:12:28,579 - MTG_bot.rule_engine.game_graph - DEBUG - Created Entity: 936e6ebb-eae0-438b-aad5-7c8cf1de0467 (Type: 101)
2025-10-24 14:12:28,579 - MTG_bot.rule_engine.game_graph - DEBUG - Added entity 936e6ebb-eae0-438b-aad5-7c8cf1de0467 (Type: 101) to graph.
2025-10-24 14:12:28,579 - MTG_bot.rule_engine.game_graph - DEBUG - Created Relationship: 2e0a0974-679b-4704-8b81-ea51b4189a9b -> 2cbb89d6-9ee9-4deb-8e31-a55928883c8a (Type: 200)
2025-10-24 14:12:28,579 - MTG_bot.rule_engine.game_graph - DEBUG - Added relationship 2e0a0974-679b-4704-8b81-ea51b4189a9b -> 2cbb89d6-9ee9-4deb-8e31-a55928883c8a (Type: 200) to graph.
2025-10-24 14:12:28,579 - MTG_bot.rule_engine.game_graph - DEBUG - Created Relationship: 2e0a0974-679b-4704-8b81-ea51b4189a9b -> 317fc919-86da-4448-a67d-b5493c9cb019 (Type: 200)
2025-10-24 14:12:28,579 - MTG_bot.rule_engine.game_graph - DEBUG - Added relationship 2e0a0974-679b-4704-8b81-ea51b4189a9b -> 317fc919-86da-4448-a67d-b5493c9cb019 (Type: 200) to graph.
2025-10-24 14:12:28,579 - MTG_bot.rule_engine.game_graph - DEBUG - Created Relationship: 2e0a0974-679b-4704-8b81-ea51b4189a9b -> c4947d32-db07-4b24-a3c7-421390bc6955 (Type: 200)
2025-10-24 14:12:28,579 - MTG_bot.rule_engine.game_graph - DEBUG - Added relationship 2e0a0974-679b-4704-8b81-ea51b4189a9b -> c4947d32-db07-4b24-a3c7-421390bc6955 (Type: 200) to graph.
2025-10-24 14:12:28,579 - MTG_bot.rule_engine.game_graph - DEBUG - Created Relationship: 2e0a0974-679b-4704-8b81-ea51b4189a9b -> 936e6ebb-eae0-438b-aad5-7c8cf1de0467 (Type: 200)
2025-10-24 14:12:28,579 - MTG_bot.rule_engine.game_graph - DEBUG - Added relationship 2e0a0974-679b-4704-8b81-ea51b4189a9b -> 936e6ebb-eae0-438b-aad5-7c8cf1de0467 (Type: 200) to graph.
2025-10-24 14:12:28,580 - MTG_bot.rule_engine.game_graph - DEBUG - Created Entity: 7a9d1a7e-1097-481d-b31d-8f9317e6924a (Type: 1000)
2025-10-24 14:12:28,580 - MTG_bot.rule_engine.game_graph - DEBUG - Added entity 7a9d1a7e-1097-481d-b31d-8f9317e6924a (Type: 1000) to graph.
2025-10-24 14:12:28,580 - MTG_bot.rule_engine.game_graph - DEBUG - Created Relationship: 2e0a0974-679b-4704-8b81-ea51b4189a9b -> 7a9d1a7e-1097-481d-b31d-8f9317e6924a (Type: 200)
2025-10-24 14:12:28,580 - MTG_bot.rule_engine.game_graph - DEBUG - Added relationship 2e0a0974-679b-4704-8b81-ea51b4189a9b -> 7a9d1a7e-1097-481d-b31d-8f9317e6924a (Type: 200) to graph.
2025-10-24 14:12:28,580 - MTG_bot.rule_engine.game_graph - DEBUG - Created Relationship: 7a9d1a7e-1097-481d-b31d-8f9317e6924a -> 2cbb89d6-9ee9-4deb-8e31-a55928883c8a (Type: 201)
2025-10-24 14:12:28,580 - MTG_bot.rule_engine.game_graph - DEBUG - Added relationship 7a9d1a7e-1097-481d-b31d-8f9317e6924a -> 2cbb89d6-9ee9-4deb-8e31-a55928883c8a (Type: 201) to graph.
2025-10-24 14:12:28,580 - MTG_bot.rule_engine.game_graph - DEBUG - Created Entity: 554fbd9c-6223-417a-99f5-8ccdfe6775b7 (Type: 1000)
2025-10-24 14:12:28,580 - MTG_bot.rule_engine.game_graph - DEBUG - Added entity 554fbd9c-6223-417a-99f5-8ccdfe6775b7 (Type: 1000) to graph.
2025-10-24 14:12:28,580 - MTG_bot.rule_engine.game_graph - DEBUG - Created Relationship: 2e0a0974-679b-4704-8b81-ea51b4189a9b -> 554fbd9c-6223-417a-99f5-8ccdfe6775b7 (Type: 200)
2025-10-24 14:12:28,580 - MTG_bot.rule_engine.game_graph - DEBUG - Added relationship 2e0a0974-679b-4704-8b81-ea51b4189a9b -> 554fbd9c-6223-417a-99f5-8ccdfe6775b7 (Type: 200) to graph.
2025-10-24 14:12:28,580 - MTG_bot.rule_engine.game_graph - DEBUG - Created Relationship: 554fbd9c-6223-417a-99f5-8ccdfe6775b7 -> 2cbb89d6-9ee9-4deb-8e31-a55928883c8a (Type: 201)
2025-10-24 14:12:28,580 - MTG_bot.rule_engine.game_graph - DEBUG - Added relationship 554fbd9c-6223-417a-99f5-8ccdfe6775b7 -> 2cbb89d6-9ee9-4deb-8e31-a55928883c8a (Type: 201) to graph.
2025-10-24 14:12:28,580 - MTG_bot.rule_engine.game_graph - DEBUG - Deck created for player Play.
2025-10-24 14:12:28,580 - MTG_bot.rule_engine.game_graph - DEBUG - Decks shuffled.
2025-10-24 14:12:28,580 - MTG_bot.rule_engine.game_graph - DEBUG - Querying relationships: source=8e99301d-bfde-4b61-887e-3653ba08fe81, target=None, rel_type=200
2025-10-24 14:12:28,580 - MTG_bot.rule_engine.game_graph - DEBUG - Found 6 relationships.
2025-10-24 14:12:28,580 - MTG_bot.rule_engine.game_graph - DEBUG - Querying relationships: source=2e0a0974-679b-4704-8b81-ea51b4189a9b, target=None, rel_type=200
2025-10-24 14:12:28,580 - MTG_bot.rule_engine.game_graph - DEBUG - Found 6 relationships.
2025-10-24 14:12:28,580 - MTG_bot.rule_engine.game_graph - DEBUG - Moving card Forest to zone 100.
2025-10-24 14:12:28,580 - MTG_bot.rule_engine.game_graph - DEBUG - Created Relationship: 7a3621d8-5e24-4f66-8357-1e141726034b -> adc6a681-cb1b-4716-80ae-820f1843641f (Type: 201)
2025-10-24 14:12:28,580 - MTG_bot.rule_engine.game_graph - DEBUG - Added relationship 7a3621d8-5e24-4f66-8357-1e141726034b -> adc6a681-cb1b-4716-80ae-820f1843641f (Type: 201) to graph.
2025-10-24 14:12:28,580 - MTG_bot.rule_engine.game_graph - DEBUG - Player 1 drew Forest.
2025-10-24 14:12:28,580 - MTG_bot.rule_engine.game_graph - DEBUG - Moving card Forest to zone 100.
2025-10-24 14:12:28,580 - MTG_bot.rule_engine.game_graph - DEBUG - Created Relationship: 7a9d1a7e-1097-481d-b31d-8f9317e6924a -> 317fc919-86da-4448-a67d-b5493c9cb019 (Type: 201)
2025-10-24 14:12:28,580 - MTG_bot.rule_engine.game_graph - DEBUG - Added relationship 7a9d1a7e-1097-481d-b31d-8f9317e6924a -> 317fc919-86da-4448-a67d-b5493c9cb019 (Type: 201) to graph.
2025-10-24 14:12:28,580 - MTG_bot.rule_engine.game_graph - DEBUG - Player 2 drew Forest.
2025-10-24 14:12:28,580 - MTG_bot.rule_engine.game_graph - DEBUG - Moving card Forest to zone 100.
2025-10-24 14:12:28,580 - MTG_bot.rule_engine.game_graph - DEBUG - Created Relationship: 8e9e966f-f73d-4969-9c9b-05a10a48b4ac -> adc6a681-cb1b-4716-80ae-820f1843641f (Type: 201)
2025-10-24 14:12:28,580 - MTG_bot.rule_engine.game_graph - DEBUG - Added relationship 8e9e966f-f73d-4969-9c9b-05a10a48b4ac -> adc6a681-cb1b-4716-80ae-820f1843641f (Type: 201) to graph.
2025-10-24 14:12:28,580 - MTG_bot.rule_engine.game_graph - DEBUG - Player 1 drew Forest.
2025-10-24 14:12:28,580 - MTG_bot.rule_engine.game_graph - DEBUG - Moving card Forest to zone 100.
2025-10-24 14:12:28,580 - MTG_bot.rule_engine.game_graph - DEBUG - Created Relationship: 554fbd9c-6223-417a-99f5-8ccdfe6775b7 -> 317fc919-86da-4448-a67d-b5493c9cb019 (Type: 201)
2025-10-24 14:12:28,581 - MTG_bot.rule_engine.game_graph - DEBUG - Added relationship 554fbd9c-6223-417a-99f5-8ccdfe6775b7 -> 317fc919-86da-4448-a67d-b5493c9cb019 (Type: 201) to graph.
2025-10-24 14:12:28,581 - MTG_bot.rule_engine.game_graph - DEBUG - Player 2 drew Forest.
2025-10-24 14:12:28,581 - MTG_bot.rule_engine.game_graph - INFO - Game initialized successfully.
2025-10-24 14:12:28,581 - __main__ - INFO - Starting game loop...
2025-10-24 14:12:28,581 - MTG_bot.rule_engine.game_graph - DEBUG - Querying relationships: source=8e99301d-bfde-4b61-887e-3653ba08fe81, target=None, rel_type=200
2025-10-24 14:12:28,581 - MTG_bot.rule_engine.game_graph - DEBUG - Found 6 relationships.
2025-10-24 14:12:28,581 - MTG_bot.rule_engine.game_graph - DEBUG - Querying relationships: source=None, target=adc6a681-cb1b-4716-80ae-820f1843641f, rel_type=201
2025-10-24 14:12:28,581 - MTG_bot.rule_engine.game_graph - DEBUG - Found 2 relationships.
2025-10-24 14:12:28,581 - MTG_bot.rule_engine.game_graph - DEBUG - Querying relationships: source=8e99301d-bfde-4b61-887e-3653ba08fe81, target=None, rel_type=200
2025-10-24 14:12:28,581 - MTG_bot.rule_engine.game_graph - DEBUG - Found 6 relationships.
2025-10-24 14:12:28,581 - MTG_bot.rule_engine.game_graph - DEBUG - Querying relationships: source=None, target=42953e3d-2c27-44e1-8c3e-54aecea13fce, rel_type=201
2025-10-24 14:12:28,581 - MTG_bot.rule_engine.game_graph - DEBUG - Found 0 relationships.
2025-10-24 14:12:28,581 - MTG_bot.rule_engine.game_graph - DEBUG - Querying relationships: source=2e0a0974-679b-4704-8b81-ea51b4189a9b, target=None, rel_type=200
2025-10-24 14:12:28,581 - MTG_bot.rule_engine.game_graph - DEBUG - Found 6 relationships.
2025-10-24 14:12:28,581 - MTG_bot.rule_engine.game_graph - DEBUG - Querying relationships: source=None, target=317fc919-86da-4448-a67d-b5493c9cb019, rel_type=201
2025-10-24 14:12:28,581 - MTG_bot.rule_engine.game_graph - DEBUG - Found 2 relationships.
2025-10-24 14:12:28,581 - MTG_bot.rule_engine.game_graph - DEBUG - Querying relationships: source=2e0a0974-679b-4704-8b81-ea51b4189a9b, target=None, rel_type=200
2025-10-24 14:12:28,581 - MTG_bot.rule_engine.game_graph - DEBUG - Found 6 relationships.
2025-10-24 14:12:28,581 - MTG_bot.rule_engine.game_graph - DEBUG - Querying relationships: source=None, target=936e6ebb-eae0-438b-aad5-7c8cf1de0467, rel_type=201
2025-10-24 14:12:28,581 - MTG_bot.rule_engine.game_graph - DEBUG - Found 0 relationships.
2025-10-24 14:12:28,581 - MTG_bot.rule_engine.engine - DEBUG - Calculating legal moves for Player Play (Turn 1, Phase 10, Step 20)
2025-10-24 14:12:28,581 - MTG_bot.rule_engine.game_graph - DEBUG - Querying relationships: source=8e99301d-bfde-4b61-887e-3653ba08fe81, target=None, rel_type=200
2025-10-24 14:12:28,581 - MTG_bot.rule_engine.game_graph - DEBUG - Found 6 relationships.
2025-10-24 14:12:28,581 - MTG_bot.rule_engine.game_graph - DEBUG - Querying relationships: source=None, target=adc6a681-cb1b-4716-80ae-820f1843641f, rel_type=201
2025-10-24 14:12:28,581 - MTG_bot.rule_engine.game_graph - DEBUG - Found 2 relationships.
2025-10-24 14:12:28,581 - MTG_bot.rule_engine.engine - DEBUG - Found PlayLandAction for Forest (1000)
2025-10-24 14:12:28,581 - MTG_bot.rule_engine.engine - DEBUG - Found PlayLandAction for Forest (1000)
2025-10-24 14:12:28,581 - MTG_bot.rule_engine.handlers.mana_handlers - DEBUG - Getting tap for mana moves for Player Play.
2025-10-24 14:12:28,581 - MTG_bot.rule_engine.game_graph - DEBUG - Querying relationships: source=8e99301d-bfde-4b61-887e-3653ba08fe81, target=None, rel_type=200
2025-10-24 14:12:28,581 - MTG_bot.rule_engine.game_graph - DEBUG - Found 6 relationships.
2025-10-24 14:12:28,581 - MTG_bot.rule_engine.game_graph - DEBUG - Querying relationships: source=None, target=42953e3d-2c27-44e1-8c3e-54aecea13fce, rel_type=201
2025-10-24 14:12:28,581 - MTG_bot.rule_engine.game_graph - DEBUG - Found 0 relationships.
2025-10-24 14:12:28,581 - MTG_bot.rule_engine.handlers.mana_handlers - DEBUG - Found 0 tap for mana moves.
2025-10-24 14:12:28,581 - MTG_bot.rule_engine.game_graph - DEBUG - Querying relationships: source=None, target=adc6a681-cb1b-4716-80ae-820f1843641f, rel_type=201
2025-10-24 14:12:28,581 - MTG_bot.rule_engine.game_graph - DEBUG - Found 2 relationships.
2025-10-24 14:12:28,581 - MTG_bot.rule_engine.engine - DEBUG - Total legal moves found: 2
